<?xml version="1.0" encoding="UTF-8"?>
<testsuite name="TestSolution" tests="1" skipped="0" failures="0" errors="0" timestamp="2022-06-21T09:50:24" hostname="PEERS-COOLER-PC" time="0.04">
  <properties/>
  <testcase name="testCase1()" classname="TestSolution" time="0.04"/>
  <system-out><![CDATA[true
]]></system-out>
  <system-err><![CDATA[]]></system-err>
</testsuite>
